<?xml version="1.0" encoding="UTF-8"?>
<!-- Generated by org.testng.reporters.JUnitReportReporter -->
<testsuite hostname="DESKTOP-O3LI34K" name="com.test.VerifyLogin" tests="1" failures="0" timestamp="9 Jun 2020 16:43:59 GMT" time="0.325" errors="0">
  <testcase name="loginPage" time="0.325" classname="com.test.VerifyLogin"/>
</testsuite> <!-- com.test.VerifyLogin -->
