<?xml version="1.0" encoding="UTF-8"?>
<!-- Generated by org.testng.reporters.JUnitReportReporter -->
<testsuite hostname="DESKTOP-O3LI34K" name="com.test.ValidLogin" tests="1" failures="0" timestamp="10 Jun 2020 11:30:31 GMT" time="3.205" errors="0">
  <testcase name="loginPage" time="3.205" classname="com.test.ValidLogin"/>
</testsuite> <!-- com.test.ValidLogin -->
