<?xml version="1.0" encoding="UTF-8"?>
<!-- Generated by org.testng.reporters.JUnitReportReporter -->
<testsuite hostname="DESKTOP-O3LI34K" name="com.newUser.CreateNewUser" tests="1" failures="0" timestamp="11 Jun 2020 14:55:23 GMT" time="28.280" errors="0">
  <testcase name="createNewUser" time="28.280" classname="com.newUser.CreateNewUser"/>
</testsuite> <!-- com.newUser.CreateNewUser -->
